2023-12-22 17:08:33.550 -03:00 [INF] Starting compiler v1.0.26.0. . .
2023-12-22 17:08:33.563 -03:00 [INF] Minimal logging level is set to Debug
2023-12-22 17:08:33.565 -03:00 [INF] Watching parent process ([10272] RustDedicated) for shutdown
2023-12-22 17:08:33.565 -03:00 [DBG] Started message server. . .
2023-12-22 17:08:33.565 -03:00 [INF] Message server has started
2023-12-22 17:08:35.572 -03:00 [INF] Sent ready message to parent process
2023-12-22 17:08:35.572 -03:00 [DBG] Compiler has started successfully and is awaiting jobs. . .
2023-12-22 17:08:35.687 -03:00 [DBG] Received compile job 0 | Plugins: 1, References: 54
2023-12-22 17:08:36.588 -03:00 [INF] Starting compilation of job 0 | Total Plugins: 1
2023-12-22 17:08:36.588 -03:00 [DBG] Settings[Encoding: utf-8, CSVersion: Preview, Target: DynamicallyLinkedLibrary, Platform: AnyCpu, StdLib: False, Debug: False, Preprocessor: OXIDE, OXIDEMOD, RUST, RUST_MASTER, RUST_2_0_6098, RUST_2_0_6098_MASTER]
Reference Files:
  - [1] mscorlib.dll(4631552)
  - [2] Oxide.Core.dll(193024)
  - [3] Oxide.CSharp.dll(102912)
  - [4] Oxide.Common.dll(7168)
  - [5] System.dll(2637824)
  - [6] System.Core.dll(1113088)
  - [7] System.Data.dll(2081280)
  - [8] System.Xml.dll(3160064)
  - [9] Oxide.References.dll(1419264)
  - [10] Oxide.MySql.dll(20480)
  - [11] MySql.Data.dll(443392)
  - [12] Oxide.SQLite.dll(20992)
  - [13] System.Data.SQLite.dll(286720)
  - [14] Oxide.Unity.dll(10240)
  - [15] UnityEngine.dll(112664)
  - [16] Oxide.Rust.dll(93696)
  - [17] Facepunch.System.dll(55808)
  - [18] Assembly-CSharp.dll(4749824)
  - [19] Facepunch.Console.dll(20992)
  - [20] UnityEngine.CoreModule.dll(1275416)
  - [21] Facepunch.Network.dll(43008)
  - [22] Rust.Platform.Common.dll(15872)
  - [23] Rust.Data.dll(1074176)
  - [24] UnityEngine.TextRenderingModule.dll(38936)
  - [25] UnityEngine.UI.dll(224256)
  - [26] Rust.Global.dll(70656)
  - [27] Facepunch.Steamworks.Win64.dll(556544)
  - [28] Facepunch.UnityEngine.dll(113152)
  - [29] Assembly-CSharp-firstpass.dll(1457664)
  - [30] Facepunch.Unity.dll(66048)
  - [31] Rust.FileSystem.dll(16896)
  - [32] Rust.Clans.dll(9216)
  - [33] Rust.Clans.Local.dll(50176)
  - [34] Rust.Localization.dll(4096)
  - [35] Rust.Platform.dll(5632)
  - [36] Rust.Platform.Steam.dll(22528)
  - [37] Rust.Workshop.dll(456192)
  - [38] Rust.World.dll(10240)
  - [39] System.Drawing.dll(481280)
  - [40] UnityEngine.AIModule.dll(56344)
  - [41] UnityEngine.AssetBundleModule.dll(33304)
  - [42] UnityEngine.GridModule.dll(24600)
  - [43] UnityEngine.ImageConversionModule.dll(24088)
  - [44] UnityEngine.PhysicsModule.dll(114712)
  - [45] UnityEngine.TerrainModule.dll(98840)
  - [46] UnityEngine.TerrainPhysicsModule.dll(20504)
  - [47] UnityEngine.UIModule.dll(35864)
  - [48] UnityEngine.UIElementsModule.dll(1216536)
  - [49] UnityEngine.UnityWebRequestAudioModule.dll(22552)
  - [50] UnityEngine.UnityWebRequestModule.dll(56856)
  - [51] UnityEngine.UnityWebRequestTextureModule.dll(22040)
  - [52] UnityEngine.UnityWebRequestWWWModule.dll(31256)
  - [53] UnityEngine.VehiclesModule.dll(23576)
  - [54] netstandard.dll(90112)
Plugin Files:
  - [1] DeathNotes.cs(29515)
2023-12-22 17:08:36.602 -03:00 [DBG] Added 54 project references
2023-12-22 17:08:36.641 -03:00 [DBG] Added 1 plugins to the project
2023-12-22 17:08:37.014 -03:00 [INF] Successfully compiled 1/1 plugins for job 0 in 425ms
2023-12-22 17:08:37.014 -03:00 [DBG] Pushing job 0 back to parent
2023-12-22 17:09:37.030 -03:00 [INF] Termination request has been received from compiler stream
2023-12-22 17:09:37.476 -03:00 [INF] Termination request has been received from SIGTERM
2023-12-22 17:44:50.694 -03:00 [INF] Starting compiler v1.0.26.0. . .
2023-12-22 17:44:50.707 -03:00 [INF] Minimal logging level is set to Debug
2023-12-22 17:44:50.708 -03:00 [INF] Watching parent process ([10900] RustDedicated) for shutdown
2023-12-22 17:44:50.709 -03:00 [DBG] Started message server. . .
2023-12-22 17:44:50.709 -03:00 [INF] Message server has started
2023-12-22 17:44:52.716 -03:00 [INF] Sent ready message to parent process
2023-12-22 17:44:52.716 -03:00 [DBG] Compiler has started successfully and is awaiting jobs. . .
2023-12-22 17:44:52.812 -03:00 [DBG] Received compile job 0 | Plugins: 11, References: 56
2023-12-22 17:44:53.720 -03:00 [INF] Starting compilation of job 0 | Total Plugins: 11
2023-12-22 17:44:53.721 -03:00 [DBG] Settings[Encoding: utf-8, CSVersion: Preview, Target: DynamicallyLinkedLibrary, Platform: AnyCpu, StdLib: False, Debug: False, Preprocessor: OXIDE, OXIDEMOD, RUST, RUST_MASTER, RUST_2_0_6098, RUST_2_0_6098_MASTER]
Reference Files:
  - [1] mscorlib.dll(4631552)
  - [2] Oxide.Core.dll(193024)
  - [3] Oxide.CSharp.dll(102912)
  - [4] Oxide.Common.dll(7168)
  - [5] System.dll(2637824)
  - [6] System.Core.dll(1113088)
  - [7] System.Data.dll(2081280)
  - [8] System.Xml.dll(3160064)
  - [9] Oxide.References.dll(1419264)
  - [10] Oxide.MySql.dll(20480)
  - [11] MySql.Data.dll(443392)
  - [12] Oxide.SQLite.dll(20992)
  - [13] System.Data.SQLite.dll(286720)
  - [14] Oxide.Unity.dll(10240)
  - [15] UnityEngine.dll(112664)
  - [16] Oxide.Rust.dll(93696)
  - [17] Facepunch.System.dll(55808)
  - [18] Assembly-CSharp.dll(4749824)
  - [19] Facepunch.Console.dll(20992)
  - [20] UnityEngine.CoreModule.dll(1275416)
  - [21] Facepunch.Network.dll(43008)
  - [22] Rust.Platform.Common.dll(15872)
  - [23] Rust.Data.dll(1074176)
  - [24] UnityEngine.TextRenderingModule.dll(38936)
  - [25] UnityEngine.UI.dll(224256)
  - [26] Rust.Global.dll(70656)
  - [27] Facepunch.Steamworks.Win64.dll(556544)
  - [28] Facepunch.UnityEngine.dll(113152)
  - [29] Assembly-CSharp-firstpass.dll(1457664)
  - [30] Facepunch.Unity.dll(66048)
  - [31] Rust.FileSystem.dll(16896)
  - [32] Rust.Clans.dll(9216)
  - [33] Rust.Clans.Local.dll(50176)
  - [34] Rust.Localization.dll(4096)
  - [35] Rust.Platform.dll(5632)
  - [36] Rust.Platform.Steam.dll(22528)
  - [37] Rust.Workshop.dll(456192)
  - [38] Rust.World.dll(10240)
  - [39] System.Drawing.dll(481280)
  - [40] UnityEngine.AIModule.dll(56344)
  - [41] UnityEngine.AssetBundleModule.dll(33304)
  - [42] UnityEngine.GridModule.dll(24600)
  - [43] UnityEngine.ImageConversionModule.dll(24088)
  - [44] UnityEngine.PhysicsModule.dll(114712)
  - [45] UnityEngine.TerrainModule.dll(98840)
  - [46] UnityEngine.TerrainPhysicsModule.dll(20504)
  - [47] UnityEngine.UIModule.dll(35864)
  - [48] UnityEngine.UIElementsModule.dll(1216536)
  - [49] UnityEngine.UnityWebRequestAudioModule.dll(22552)
  - [50] UnityEngine.UnityWebRequestModule.dll(56856)
  - [51] UnityEngine.UnityWebRequestTextureModule.dll(22040)
  - [52] UnityEngine.UnityWebRequestWWWModule.dll(31256)
  - [53] UnityEngine.VehiclesModule.dll(23576)
  - [54] netstandard.dll(90112)
  - [55] Facepunch.Sqlite.dll(16384)
  - [56] UnityEngine.SharedInternalsModule.dll(32280)
Plugin Files:
  - [1] DeathNotes.cs(29515)
  - [2] GatherManager.cs(35680)
  - [3] ImageLibrary.cs(54464)
  - [4] Kits.cs(150279)
  - [5] NTeleportation.cs(382947)
  - [6] NoEscape.cs(77957)
  - [7] NoGiveNotices.cs(450)
  - [8] QuickSmelt.cs(19529)
  - [9] SpawnHeli.cs(79185)
  - [10] StackSizeController.cs(23103)
  - [11] UnburnableMeat.cs(2229)
2023-12-22 17:44:53.733 -03:00 [DBG] Added 56 project references
2023-12-22 17:44:53.832 -03:00 [DBG] Added 11 plugins to the project
2023-12-22 17:44:54.688 -03:00 [INF] Successfully compiled 11/11 plugins for job 0 in 967ms
2023-12-22 17:44:54.688 -03:00 [DBG] Pushing job 0 back to parent
2023-12-22 17:45:48.053 -03:00 [INF] Termination request has been received from compiler stream
2023-12-22 17:45:49.006 -03:00 [INF] Termination request has been received from SIGTERM
2023-12-22 17:53:35.085 -03:00 [INF] Starting compiler v1.0.26.0. . .
2023-12-22 17:53:35.098 -03:00 [INF] Minimal logging level is set to Debug
2023-12-22 17:53:35.101 -03:00 [INF] Watching parent process ([10900] RustDedicated) for shutdown
2023-12-22 17:53:35.101 -03:00 [DBG] Started message server. . .
2023-12-22 17:53:35.101 -03:00 [INF] Message server has started
2023-12-22 17:53:37.120 -03:00 [INF] Sent ready message to parent process
2023-12-22 17:53:37.123 -03:00 [DBG] Compiler has started successfully and is awaiting jobs. . .
2023-12-22 17:53:37.203 -03:00 [DBG] Received compile job 1 | Plugins: 10, References: 56
2023-12-22 17:53:38.154 -03:00 [INF] Starting compilation of job 1 | Total Plugins: 10
2023-12-22 17:53:38.163 -03:00 [DBG] Settings[Encoding: utf-8, CSVersion: Preview, Target: DynamicallyLinkedLibrary, Platform: AnyCpu, StdLib: False, Debug: False, Preprocessor: OXIDE, OXIDEMOD, RUST, RUST_MASTER, RUST_2_0_6098, RUST_2_0_6098_MASTER]
Reference Files:
  - [1] mscorlib.dll(4631552)
  - [2] Oxide.Core.dll(193024)
  - [3] Oxide.CSharp.dll(102912)
  - [4] Oxide.Common.dll(7168)
  - [5] System.dll(2637824)
  - [6] System.Core.dll(1113088)
  - [7] System.Data.dll(2081280)
  - [8] System.Xml.dll(3160064)
  - [9] Oxide.References.dll(1419264)
  - [10] Oxide.MySql.dll(20480)
  - [11] MySql.Data.dll(443392)
  - [12] Oxide.SQLite.dll(20992)
  - [13] System.Data.SQLite.dll(286720)
  - [14] Oxide.Unity.dll(10240)
  - [15] UnityEngine.dll(112664)
  - [16] Oxide.Rust.dll(93696)
  - [17] Facepunch.System.dll(55808)
  - [18] Assembly-CSharp.dll(4749824)
  - [19] Facepunch.Console.dll(20992)
  - [20] UnityEngine.CoreModule.dll(1275416)
  - [21] Facepunch.Network.dll(43008)
  - [22] Rust.Platform.Common.dll(15872)
  - [23] Rust.Data.dll(1074176)
  - [24] UnityEngine.TextRenderingModule.dll(38936)
  - [25] UnityEngine.UI.dll(224256)
  - [26] Rust.Global.dll(70656)
  - [27] Facepunch.Steamworks.Win64.dll(556544)
  - [28] Facepunch.UnityEngine.dll(113152)
  - [29] Assembly-CSharp-firstpass.dll(1457664)
  - [30] Facepunch.Unity.dll(66048)
  - [31] Rust.FileSystem.dll(16896)
  - [32] Rust.Clans.dll(9216)
  - [33] Rust.Clans.Local.dll(50176)
  - [34] Rust.Localization.dll(4096)
  - [35] Rust.Platform.dll(5632)
  - [36] Rust.Platform.Steam.dll(22528)
  - [37] Rust.Workshop.dll(456192)
  - [38] Rust.World.dll(10240)
  - [39] System.Drawing.dll(481280)
  - [40] UnityEngine.AIModule.dll(56344)
  - [41] UnityEngine.AssetBundleModule.dll(33304)
  - [42] UnityEngine.GridModule.dll(24600)
  - [43] UnityEngine.ImageConversionModule.dll(24088)
  - [44] UnityEngine.PhysicsModule.dll(114712)
  - [45] UnityEngine.TerrainModule.dll(98840)
  - [46] UnityEngine.TerrainPhysicsModule.dll(20504)
  - [47] UnityEngine.UIModule.dll(35864)
  - [48] UnityEngine.UIElementsModule.dll(1216536)
  - [49] UnityEngine.UnityWebRequestAudioModule.dll(22552)
  - [50] UnityEngine.UnityWebRequestModule.dll(56856)
  - [51] UnityEngine.UnityWebRequestTextureModule.dll(22040)
  - [52] UnityEngine.UnityWebRequestWWWModule.dll(31256)
  - [53] UnityEngine.VehiclesModule.dll(23576)
  - [54] netstandard.dll(90112)
  - [55] Facepunch.Sqlite.dll(16384)
  - [56] UnityEngine.SharedInternalsModule.dll(32280)
Plugin Files:
  - [1] DeathNotes.cs(29515)
  - [2] GatherManager.cs(35680)
  - [3] ImageLibrary.cs(54464)
  - [4] Kits.cs(150279)
  - [5] NTeleportation.cs(382947)
  - [6] NoEscape.cs(77957)
  - [7] NoGiveNotices.cs(450)
  - [8] QuickSmelt.cs(19529)
  - [9] SpawnHeli.cs(79185)
  - [10] StackSizeController.cs(23103)
2023-12-22 17:53:38.196 -03:00 [DBG] Added 56 project references
2023-12-22 17:53:38.397 -03:00 [DBG] Added 10 plugins to the project
2023-12-22 17:53:39.384 -03:00 [INF] Successfully compiled 10/10 plugins for job 1 in 1230ms
2023-12-22 17:53:39.385 -03:00 [DBG] Pushing job 1 back to parent
2023-12-22 17:54:39.397 -03:00 [INF] Termination request has been received from compiler stream
2023-12-22 17:54:39.670 -03:00 [INF] Termination request has been received from SIGTERM
2023-12-22 17:59:55.165 -03:00 [INF] Starting compiler v1.0.26.0. . .
2023-12-22 17:59:55.181 -03:00 [INF] Minimal logging level is set to Debug
2023-12-22 17:59:55.184 -03:00 [INF] Watching parent process ([10900] RustDedicated) for shutdown
2023-12-22 17:59:55.184 -03:00 [DBG] Started message server. . .
2023-12-22 17:59:55.185 -03:00 [INF] Message server has started
2023-12-22 17:59:57.198 -03:00 [INF] Sent ready message to parent process
2023-12-22 17:59:57.199 -03:00 [DBG] Compiler has started successfully and is awaiting jobs. . .
2023-12-22 17:59:57.278 -03:00 [DBG] Received compile job 2 | Plugins: 1, References: 54
2023-12-22 17:59:58.206 -03:00 [INF] Starting compilation of job 2 | Total Plugins: 1
2023-12-22 17:59:58.206 -03:00 [DBG] Settings[Encoding: utf-8, CSVersion: Preview, Target: DynamicallyLinkedLibrary, Platform: AnyCpu, StdLib: False, Debug: False, Preprocessor: OXIDE, OXIDEMOD, RUST, RUST_MASTER, RUST_2_0_6098, RUST_2_0_6098_MASTER]
Reference Files:
  - [1] mscorlib.dll(4631552)
  - [2] Oxide.Core.dll(193024)
  - [3] Oxide.CSharp.dll(102912)
  - [4] Oxide.Common.dll(7168)
  - [5] System.dll(2637824)
  - [6] System.Core.dll(1113088)
  - [7] System.Data.dll(2081280)
  - [8] System.Xml.dll(3160064)
  - [9] Oxide.References.dll(1419264)
  - [10] Oxide.MySql.dll(20480)
  - [11] MySql.Data.dll(443392)
  - [12] Oxide.SQLite.dll(20992)
  - [13] System.Data.SQLite.dll(286720)
  - [14] Oxide.Unity.dll(10240)
  - [15] UnityEngine.dll(112664)
  - [16] Oxide.Rust.dll(93696)
  - [17] Facepunch.System.dll(55808)
  - [18] Assembly-CSharp.dll(4749824)
  - [19] Facepunch.Console.dll(20992)
  - [20] UnityEngine.CoreModule.dll(1275416)
  - [21] Facepunch.Network.dll(43008)
  - [22] Rust.Platform.Common.dll(15872)
  - [23] Rust.Data.dll(1074176)
  - [24] UnityEngine.TextRenderingModule.dll(38936)
  - [25] UnityEngine.UI.dll(224256)
  - [26] Rust.Global.dll(70656)
  - [27] Facepunch.Steamworks.Win64.dll(556544)
  - [28] Facepunch.UnityEngine.dll(113152)
  - [29] Assembly-CSharp-firstpass.dll(1457664)
  - [30] Facepunch.Unity.dll(66048)
  - [31] Rust.FileSystem.dll(16896)
  - [32] Rust.Clans.dll(9216)
  - [33] Rust.Clans.Local.dll(50176)
  - [34] Rust.Localization.dll(4096)
  - [35] Rust.Platform.dll(5632)
  - [36] Rust.Platform.Steam.dll(22528)
  - [37] Rust.Workshop.dll(456192)
  - [38] Rust.World.dll(10240)
  - [39] System.Drawing.dll(481280)
  - [40] UnityEngine.AIModule.dll(56344)
  - [41] UnityEngine.AssetBundleModule.dll(33304)
  - [42] UnityEngine.GridModule.dll(24600)
  - [43] UnityEngine.ImageConversionModule.dll(24088)
  - [44] UnityEngine.PhysicsModule.dll(114712)
  - [45] UnityEngine.TerrainModule.dll(98840)
  - [46] UnityEngine.TerrainPhysicsModule.dll(20504)
  - [47] UnityEngine.UIModule.dll(35864)
  - [48] UnityEngine.UIElementsModule.dll(1216536)
  - [49] UnityEngine.UnityWebRequestAudioModule.dll(22552)
  - [50] UnityEngine.UnityWebRequestModule.dll(56856)
  - [51] UnityEngine.UnityWebRequestTextureModule.dll(22040)
  - [52] UnityEngine.UnityWebRequestWWWModule.dll(31256)
  - [53] UnityEngine.VehiclesModule.dll(23576)
  - [54] netstandard.dll(90112)
Plugin Files:
  - [1] BetterLoot.cs(39804)
2023-12-22 17:59:58.224 -03:00 [DBG] Added 54 project references
2023-12-22 17:59:58.265 -03:00 [DBG] Added 1 plugins to the project
2023-12-22 17:59:58.729 -03:00 [INF] Successfully compiled 1/1 plugins for job 2 in 523ms
2023-12-22 17:59:58.729 -03:00 [DBG] Pushing job 2 back to parent
2023-12-22 18:00:59.413 -03:00 [INF] Termination request has been received from compiler stream
2023-12-22 18:01:00.148 -03:00 [INF] Termination request has been received from SIGTERM
2023-12-22 18:06:37.506 -03:00 [INF] Starting compiler v1.0.26.0. . .
2023-12-22 18:06:37.520 -03:00 [INF] Minimal logging level is set to Debug
2023-12-22 18:06:37.522 -03:00 [INF] Watching parent process ([13940] RustDedicated) for shutdown
2023-12-22 18:06:37.523 -03:00 [DBG] Started message server. . .
2023-12-22 18:06:37.523 -03:00 [INF] Message server has started
2023-12-22 18:06:39.526 -03:00 [INF] Sent ready message to parent process
2023-12-22 18:06:39.527 -03:00 [DBG] Compiler has started successfully and is awaiting jobs. . .
2023-12-22 18:06:39.636 -03:00 [DBG] Received compile job 0 | Plugins: 12, References: 56
2023-12-22 18:06:40.537 -03:00 [INF] Starting compilation of job 0 | Total Plugins: 12
2023-12-22 18:06:40.538 -03:00 [DBG] Settings[Encoding: utf-8, CSVersion: Preview, Target: DynamicallyLinkedLibrary, Platform: AnyCpu, StdLib: False, Debug: False, Preprocessor: OXIDE, OXIDEMOD, RUST, RUST_MASTER, RUST_2_0_6098, RUST_2_0_6098_MASTER]
Reference Files:
  - [1] mscorlib.dll(4631552)
  - [2] Oxide.Core.dll(193024)
  - [3] Oxide.CSharp.dll(102912)
  - [4] Oxide.Common.dll(7168)
  - [5] System.dll(2637824)
  - [6] System.Core.dll(1113088)
  - [7] System.Data.dll(2081280)
  - [8] System.Xml.dll(3160064)
  - [9] Oxide.References.dll(1419264)
  - [10] Oxide.MySql.dll(20480)
  - [11] MySql.Data.dll(443392)
  - [12] Oxide.SQLite.dll(20992)
  - [13] System.Data.SQLite.dll(286720)
  - [14] Oxide.Unity.dll(10240)
  - [15] UnityEngine.dll(112664)
  - [16] Oxide.Rust.dll(93696)
  - [17] Facepunch.System.dll(55808)
  - [18] Assembly-CSharp.dll(4749824)
  - [19] Facepunch.Console.dll(20992)
  - [20] UnityEngine.CoreModule.dll(1275416)
  - [21] Facepunch.Network.dll(43008)
  - [22] Rust.Platform.Common.dll(15872)
  - [23] Rust.Data.dll(1074176)
  - [24] UnityEngine.TextRenderingModule.dll(38936)
  - [25] UnityEngine.UI.dll(224256)
  - [26] Rust.Global.dll(70656)
  - [27] Facepunch.Steamworks.Win64.dll(556544)
  - [28] Facepunch.UnityEngine.dll(113152)
  - [29] Assembly-CSharp-firstpass.dll(1457664)
  - [30] Facepunch.Unity.dll(66048)
  - [31] Rust.FileSystem.dll(16896)
  - [32] Rust.Clans.dll(9216)
  - [33] Rust.Clans.Local.dll(50176)
  - [34] Rust.Localization.dll(4096)
  - [35] Rust.Platform.dll(5632)
  - [36] Rust.Platform.Steam.dll(22528)
  - [37] Rust.Workshop.dll(456192)
  - [38] Rust.World.dll(10240)
  - [39] System.Drawing.dll(481280)
  - [40] UnityEngine.AIModule.dll(56344)
  - [41] UnityEngine.AssetBundleModule.dll(33304)
  - [42] UnityEngine.GridModule.dll(24600)
  - [43] UnityEngine.ImageConversionModule.dll(24088)
  - [44] UnityEngine.PhysicsModule.dll(114712)
  - [45] UnityEngine.TerrainModule.dll(98840)
  - [46] UnityEngine.TerrainPhysicsModule.dll(20504)
  - [47] UnityEngine.UIModule.dll(35864)
  - [48] UnityEngine.UIElementsModule.dll(1216536)
  - [49] UnityEngine.UnityWebRequestAudioModule.dll(22552)
  - [50] UnityEngine.UnityWebRequestModule.dll(56856)
  - [51] UnityEngine.UnityWebRequestTextureModule.dll(22040)
  - [52] UnityEngine.UnityWebRequestWWWModule.dll(31256)
  - [53] UnityEngine.VehiclesModule.dll(23576)
  - [54] netstandard.dll(90112)
  - [55] Facepunch.Sqlite.dll(16384)
  - [56] UnityEngine.SharedInternalsModule.dll(32280)
Plugin Files:
  - [1] BetterLoot.cs(39804)
  - [2] DeathNotes.cs(29515)
  - [3] GatherManager.cs(35680)
  - [4] ImageLibrary.cs(54464)
  - [5] Kits.cs(150279)
  - [6] NTeleportation.cs(382947)
  - [7] NoEscape.cs(77957)
  - [8] NoGiveNotices.cs(450)
  - [9] QuickSmelt.cs(19529)
  - [10] SpawnHeli.cs(79185)
  - [11] StackSizeController.cs(23103)
  - [12] UnburnableMeat.cs(2229)
2023-12-22 18:06:40.553 -03:00 [DBG] Added 56 project references
2023-12-22 18:06:40.664 -03:00 [DBG] Added 12 plugins to the project
2023-12-22 18:06:41.682 -03:00 [INF] Successfully compiled 12/12 plugins for job 0 in 1144ms
2023-12-22 18:06:41.682 -03:00 [DBG] Pushing job 0 back to parent
2023-12-22 18:07:36.281 -03:00 [INF] Termination request has been received from compiler stream
2023-12-22 18:07:37.096 -03:00 [INF] Termination request has been received from SIGTERM
2023-12-22 18:13:20.034 -03:00 [INF] Starting compiler v1.0.26.0. . .
2023-12-22 18:13:20.048 -03:00 [INF] Minimal logging level is set to Debug
2023-12-22 18:13:20.050 -03:00 [INF] Watching parent process ([6356] RustDedicated) for shutdown
2023-12-22 18:13:20.051 -03:00 [DBG] Started message server. . .
2023-12-22 18:13:20.051 -03:00 [INF] Message server has started
2023-12-22 18:13:22.055 -03:00 [INF] Sent ready message to parent process
2023-12-22 18:13:22.056 -03:00 [DBG] Compiler has started successfully and is awaiting jobs. . .
2023-12-22 18:13:22.153 -03:00 [DBG] Received compile job 0 | Plugins: 12, References: 56
2023-12-22 18:13:23.065 -03:00 [INF] Starting compilation of job 0 | Total Plugins: 12
2023-12-22 18:13:23.066 -03:00 [DBG] Settings[Encoding: utf-8, CSVersion: Preview, Target: DynamicallyLinkedLibrary, Platform: AnyCpu, StdLib: False, Debug: False, Preprocessor: OXIDE, OXIDEMOD, RUST, RUST_MASTER, RUST_2_0_6098, RUST_2_0_6098_MASTER]
Reference Files:
  - [1] mscorlib.dll(4631552)
  - [2] Oxide.Core.dll(193024)
  - [3] Oxide.CSharp.dll(102912)
  - [4] Oxide.Common.dll(7168)
  - [5] System.dll(2637824)
  - [6] System.Core.dll(1113088)
  - [7] System.Data.dll(2081280)
  - [8] System.Xml.dll(3160064)
  - [9] Oxide.References.dll(1419264)
  - [10] Oxide.MySql.dll(20480)
  - [11] MySql.Data.dll(443392)
  - [12] Oxide.SQLite.dll(20992)
  - [13] System.Data.SQLite.dll(286720)
  - [14] Oxide.Unity.dll(10240)
  - [15] UnityEngine.dll(112664)
  - [16] Oxide.Rust.dll(93696)
  - [17] Facepunch.System.dll(55808)
  - [18] Assembly-CSharp.dll(4749824)
  - [19] Facepunch.Console.dll(20992)
  - [20] UnityEngine.CoreModule.dll(1275416)
  - [21] Facepunch.Network.dll(43008)
  - [22] Rust.Platform.Common.dll(15872)
  - [23] Rust.Data.dll(1074176)
  - [24] UnityEngine.TextRenderingModule.dll(38936)
  - [25] UnityEngine.UI.dll(224256)
  - [26] Rust.Global.dll(70656)
  - [27] Facepunch.Steamworks.Win64.dll(556544)
  - [28] Facepunch.UnityEngine.dll(113152)
  - [29] Assembly-CSharp-firstpass.dll(1457664)
  - [30] Facepunch.Unity.dll(66048)
  - [31] Rust.FileSystem.dll(16896)
  - [32] Rust.Clans.dll(9216)
  - [33] Rust.Clans.Local.dll(50176)
  - [34] Rust.Localization.dll(4096)
  - [35] Rust.Platform.dll(5632)
  - [36] Rust.Platform.Steam.dll(22528)
  - [37] Rust.Workshop.dll(456192)
  - [38] Rust.World.dll(10240)
  - [39] System.Drawing.dll(481280)
  - [40] UnityEngine.AIModule.dll(56344)
  - [41] UnityEngine.AssetBundleModule.dll(33304)
  - [42] UnityEngine.GridModule.dll(24600)
  - [43] UnityEngine.ImageConversionModule.dll(24088)
  - [44] UnityEngine.PhysicsModule.dll(114712)
  - [45] UnityEngine.TerrainModule.dll(98840)
  - [46] UnityEngine.TerrainPhysicsModule.dll(20504)
  - [47] UnityEngine.UIModule.dll(35864)
  - [48] UnityEngine.UIElementsModule.dll(1216536)
  - [49] UnityEngine.UnityWebRequestAudioModule.dll(22552)
  - [50] UnityEngine.UnityWebRequestModule.dll(56856)
  - [51] UnityEngine.UnityWebRequestTextureModule.dll(22040)
  - [52] UnityEngine.UnityWebRequestWWWModule.dll(31256)
  - [53] UnityEngine.VehiclesModule.dll(23576)
  - [54] netstandard.dll(90112)
  - [55] Facepunch.Sqlite.dll(16384)
  - [56] UnityEngine.SharedInternalsModule.dll(32280)
Plugin Files:
  - [1] BetterLoot.cs(39804)
  - [2] DeathNotes.cs(29515)
  - [3] GatherManager.cs(35680)
  - [4] ImageLibrary.cs(54464)
  - [5] Kits.cs(150279)
  - [6] NTeleportation.cs(382947)
  - [7] NoEscape.cs(77957)
  - [8] NoGiveNotices.cs(450)
  - [9] QuickSmelt.cs(19529)
  - [10] SpawnHeli.cs(79185)
  - [11] StackSizeController.cs(23103)
  - [12] UnburnableMeat.cs(2229)
2023-12-22 18:13:23.079 -03:00 [DBG] Added 56 project references
2023-12-22 18:13:23.191 -03:00 [DBG] Added 12 plugins to the project
2023-12-22 18:13:24.171 -03:00 [INF] Successfully compiled 12/12 plugins for job 0 in 1106ms
2023-12-22 18:13:24.171 -03:00 [DBG] Pushing job 0 back to parent
2023-12-22 18:14:19.274 -03:00 [INF] Termination request has been received from compiler stream
2023-12-22 18:14:19.530 -03:00 [INF] Termination request has been received from SIGTERM
2023-12-22 18:21:39.193 -03:00 [INF] Starting compiler v1.0.26.0. . .
2023-12-22 18:21:39.211 -03:00 [INF] Minimal logging level is set to Debug
2023-12-22 18:21:39.214 -03:00 [INF] Watching parent process ([6356] RustDedicated) for shutdown
2023-12-22 18:21:39.215 -03:00 [DBG] Started message server. . .
2023-12-22 18:21:39.215 -03:00 [INF] Message server has started
2023-12-22 18:21:41.220 -03:00 [INF] Sent ready message to parent process
2023-12-22 18:21:41.220 -03:00 [DBG] Compiler has started successfully and is awaiting jobs. . .
2023-12-22 18:21:41.313 -03:00 [DBG] Received compile job 1 | Plugins: 1, References: 54
2023-12-22 18:21:42.235 -03:00 [INF] Starting compilation of job 1 | Total Plugins: 1
2023-12-22 18:21:42.235 -03:00 [DBG] Settings[Encoding: utf-8, CSVersion: Preview, Target: DynamicallyLinkedLibrary, Platform: AnyCpu, StdLib: False, Debug: False, Preprocessor: OXIDE, OXIDEMOD, RUST, RUST_MASTER, RUST_2_0_6098, RUST_2_0_6098_MASTER]
Reference Files:
  - [1] mscorlib.dll(4631552)
  - [2] Oxide.Core.dll(193024)
  - [3] Oxide.CSharp.dll(102912)
  - [4] Oxide.Common.dll(7168)
  - [5] System.dll(2637824)
  - [6] System.Core.dll(1113088)
  - [7] System.Data.dll(2081280)
  - [8] System.Xml.dll(3160064)
  - [9] Oxide.References.dll(1419264)
  - [10] Oxide.MySql.dll(20480)
  - [11] MySql.Data.dll(443392)
  - [12] Oxide.SQLite.dll(20992)
  - [13] System.Data.SQLite.dll(286720)
  - [14] Oxide.Unity.dll(10240)
  - [15] UnityEngine.dll(112664)
  - [16] Oxide.Rust.dll(93696)
  - [17] Facepunch.System.dll(55808)
  - [18] Assembly-CSharp.dll(4749824)
  - [19] Facepunch.Console.dll(20992)
  - [20] UnityEngine.CoreModule.dll(1275416)
  - [21] Facepunch.Network.dll(43008)
  - [22] Rust.Platform.Common.dll(15872)
  - [23] Rust.Data.dll(1074176)
  - [24] UnityEngine.TextRenderingModule.dll(38936)
  - [25] UnityEngine.UI.dll(224256)
  - [26] Rust.Global.dll(70656)
  - [27] Facepunch.Steamworks.Win64.dll(556544)
  - [28] Facepunch.UnityEngine.dll(113152)
  - [29] Assembly-CSharp-firstpass.dll(1457664)
  - [30] Facepunch.Unity.dll(66048)
  - [31] Rust.FileSystem.dll(16896)
  - [32] Rust.Clans.dll(9216)
  - [33] Rust.Clans.Local.dll(50176)
  - [34] Rust.Localization.dll(4096)
  - [35] Rust.Platform.dll(5632)
  - [36] Rust.Platform.Steam.dll(22528)
  - [37] Rust.Workshop.dll(456192)
  - [38] Rust.World.dll(10240)
  - [39] System.Drawing.dll(481280)
  - [40] UnityEngine.AIModule.dll(56344)
  - [41] UnityEngine.AssetBundleModule.dll(33304)
  - [42] UnityEngine.GridModule.dll(24600)
  - [43] UnityEngine.ImageConversionModule.dll(24088)
  - [44] UnityEngine.PhysicsModule.dll(114712)
  - [45] UnityEngine.TerrainModule.dll(98840)
  - [46] UnityEngine.TerrainPhysicsModule.dll(20504)
  - [47] UnityEngine.UIModule.dll(35864)
  - [48] UnityEngine.UIElementsModule.dll(1216536)
  - [49] UnityEngine.UnityWebRequestAudioModule.dll(22552)
  - [50] UnityEngine.UnityWebRequestModule.dll(56856)
  - [51] UnityEngine.UnityWebRequestTextureModule.dll(22040)
  - [52] UnityEngine.UnityWebRequestWWWModule.dll(31256)
  - [53] UnityEngine.VehiclesModule.dll(23576)
  - [54] netstandard.dll(90112)
Plugin Files:
  - [1] Kits.cs(150279)
2023-12-22 18:21:42.257 -03:00 [DBG] Added 54 project references
2023-12-22 18:21:42.320 -03:00 [DBG] Added 1 plugins to the project
2023-12-22 18:21:43.027 -03:00 [INF] Successfully compiled 1/1 plugins for job 1 in 791ms
2023-12-22 18:21:43.027 -03:00 [DBG] Pushing job 1 back to parent
2023-12-22 18:22:43.035 -03:00 [INF] Termination request has been received from compiler stream
2023-12-22 18:22:43.645 -03:00 [INF] Termination request has been received from SIGTERM
2023-12-22 18:51:22.914 -03:00 [INF] Starting compiler v1.0.26.0. . .
2023-12-22 18:51:22.933 -03:00 [INF] Minimal logging level is set to Debug
2023-12-22 18:51:22.937 -03:00 [INF] Watching parent process ([6356] RustDedicated) for shutdown
2023-12-22 18:51:22.937 -03:00 [DBG] Started message server. . .
2023-12-22 18:51:22.938 -03:00 [INF] Message server has started
2023-12-22 18:51:24.941 -03:00 [INF] Sent ready message to parent process
2023-12-22 18:51:24.942 -03:00 [DBG] Compiler has started successfully and is awaiting jobs. . .
2023-12-22 18:51:25.225 -03:00 [DBG] Received compile job 2 | Plugins: 1, References: 54
2023-12-22 18:51:25.956 -03:00 [INF] Starting compilation of job 2 | Total Plugins: 1
2023-12-22 18:51:25.956 -03:00 [DBG] Settings[Encoding: utf-8, CSVersion: Preview, Target: DynamicallyLinkedLibrary, Platform: AnyCpu, StdLib: False, Debug: False, Preprocessor: OXIDE, OXIDEMOD, RUST, RUST_MASTER, RUST_2_0_6098, RUST_2_0_6098_MASTER]
Reference Files:
  - [1] mscorlib.dll(4631552)
  - [2] Oxide.Core.dll(193024)
  - [3] Oxide.CSharp.dll(102912)
  - [4] Oxide.Common.dll(7168)
  - [5] System.dll(2637824)
  - [6] System.Core.dll(1113088)
  - [7] System.Data.dll(2081280)
  - [8] System.Xml.dll(3160064)
  - [9] Oxide.References.dll(1419264)
  - [10] Oxide.MySql.dll(20480)
  - [11] MySql.Data.dll(443392)
  - [12] Oxide.SQLite.dll(20992)
  - [13] System.Data.SQLite.dll(286720)
  - [14] Oxide.Unity.dll(10240)
  - [15] UnityEngine.dll(112664)
  - [16] Oxide.Rust.dll(93696)
  - [17] Facepunch.System.dll(55808)
  - [18] Assembly-CSharp.dll(4749824)
  - [19] Facepunch.Console.dll(20992)
  - [20] UnityEngine.CoreModule.dll(1275416)
  - [21] Facepunch.Network.dll(43008)
  - [22] Rust.Platform.Common.dll(15872)
  - [23] Rust.Data.dll(1074176)
  - [24] UnityEngine.TextRenderingModule.dll(38936)
  - [25] UnityEngine.UI.dll(224256)
  - [26] Rust.Global.dll(70656)
  - [27] Facepunch.Steamworks.Win64.dll(556544)
  - [28] Facepunch.UnityEngine.dll(113152)
  - [29] Assembly-CSharp-firstpass.dll(1457664)
  - [30] Facepunch.Unity.dll(66048)
  - [31] Rust.FileSystem.dll(16896)
  - [32] Rust.Clans.dll(9216)
  - [33] Rust.Clans.Local.dll(50176)
  - [34] Rust.Localization.dll(4096)
  - [35] Rust.Platform.dll(5632)
  - [36] Rust.Platform.Steam.dll(22528)
  - [37] Rust.Workshop.dll(456192)
  - [38] Rust.World.dll(10240)
  - [39] System.Drawing.dll(481280)
  - [40] UnityEngine.AIModule.dll(56344)
  - [41] UnityEngine.AssetBundleModule.dll(33304)
  - [42] UnityEngine.GridModule.dll(24600)
  - [43] UnityEngine.ImageConversionModule.dll(24088)
  - [44] UnityEngine.PhysicsModule.dll(114712)
  - [45] UnityEngine.TerrainModule.dll(98840)
  - [46] UnityEngine.TerrainPhysicsModule.dll(20504)
  - [47] UnityEngine.UIModule.dll(35864)
  - [48] UnityEngine.UIElementsModule.dll(1216536)
  - [49] UnityEngine.UnityWebRequestAudioModule.dll(22552)
  - [50] UnityEngine.UnityWebRequestModule.dll(56856)
  - [51] UnityEngine.UnityWebRequestTextureModule.dll(22040)
  - [52] UnityEngine.UnityWebRequestWWWModule.dll(31256)
  - [53] UnityEngine.VehiclesModule.dll(23576)
  - [54] netstandard.dll(90112)
Plugin Files:
  - [1] RandomRespawner.cs(11854)
2023-12-22 18:51:25.976 -03:00 [DBG] Added 54 project references
2023-12-22 18:51:26.016 -03:00 [DBG] Added 1 plugins to the project
2023-12-22 18:51:26.515 -03:00 [INF] Successfully compiled 1/1 plugins for job 2 in 558ms
2023-12-22 18:51:26.515 -03:00 [DBG] Pushing job 2 back to parent
2023-12-22 18:52:26.539 -03:00 [INF] Termination request has been received from compiler stream
2023-12-22 18:52:27.169 -03:00 [INF] Termination request has been received from SIGTERM
2023-12-22 18:58:34.366 -03:00 [INF] Starting compiler v1.0.26.0. . .
2023-12-22 18:58:34.378 -03:00 [INF] Minimal logging level is set to Debug
2023-12-22 18:58:34.380 -03:00 [INF] Watching parent process ([5984] RustDedicated) for shutdown
2023-12-22 18:58:34.380 -03:00 [DBG] Started message server. . .
2023-12-22 18:58:34.381 -03:00 [INF] Message server has started
2023-12-22 18:58:36.393 -03:00 [INF] Sent ready message to parent process
2023-12-22 18:58:36.394 -03:00 [DBG] Compiler has started successfully and is awaiting jobs. . .
2023-12-22 18:58:36.481 -03:00 [DBG] Received compile job 0 | Plugins: 13, References: 56
2023-12-22 18:58:37.398 -03:00 [INF] Starting compilation of job 0 | Total Plugins: 13
2023-12-22 18:58:37.399 -03:00 [DBG] Settings[Encoding: utf-8, CSVersion: Preview, Target: DynamicallyLinkedLibrary, Platform: AnyCpu, StdLib: False, Debug: False, Preprocessor: OXIDE, OXIDEMOD, RUST, RUST_MASTER, RUST_2_0_6098, RUST_2_0_6098_MASTER]
Reference Files:
  - [1] mscorlib.dll(4631552)
  - [2] Oxide.Core.dll(193024)
  - [3] Oxide.CSharp.dll(102912)
  - [4] Oxide.Common.dll(7168)
  - [5] System.dll(2637824)
  - [6] System.Core.dll(1113088)
  - [7] System.Data.dll(2081280)
  - [8] System.Xml.dll(3160064)
  - [9] Oxide.References.dll(1419264)
  - [10] Oxide.MySql.dll(20480)
  - [11] MySql.Data.dll(443392)
  - [12] Oxide.SQLite.dll(20992)
  - [13] System.Data.SQLite.dll(286720)
  - [14] Oxide.Unity.dll(10240)
  - [15] UnityEngine.dll(112664)
  - [16] Oxide.Rust.dll(93696)
  - [17] Facepunch.System.dll(55808)
  - [18] Assembly-CSharp.dll(4749824)
  - [19] Facepunch.Console.dll(20992)
  - [20] UnityEngine.CoreModule.dll(1275416)
  - [21] Facepunch.Network.dll(43008)
  - [22] Rust.Platform.Common.dll(15872)
  - [23] Rust.Data.dll(1074176)
  - [24] UnityEngine.TextRenderingModule.dll(38936)
  - [25] UnityEngine.UI.dll(224256)
  - [26] Rust.Global.dll(70656)
  - [27] Facepunch.Steamworks.Win64.dll(556544)
  - [28] Facepunch.UnityEngine.dll(113152)
  - [29] Assembly-CSharp-firstpass.dll(1457664)
  - [30] Facepunch.Unity.dll(66048)
  - [31] Rust.FileSystem.dll(16896)
  - [32] Rust.Clans.dll(9216)
  - [33] Rust.Clans.Local.dll(50176)
  - [34] Rust.Localization.dll(4096)
  - [35] Rust.Platform.dll(5632)
  - [36] Rust.Platform.Steam.dll(22528)
  - [37] Rust.Workshop.dll(456192)
  - [38] Rust.World.dll(10240)
  - [39] System.Drawing.dll(481280)
  - [40] UnityEngine.AIModule.dll(56344)
  - [41] UnityEngine.AssetBundleModule.dll(33304)
  - [42] UnityEngine.GridModule.dll(24600)
  - [43] UnityEngine.ImageConversionModule.dll(24088)
  - [44] UnityEngine.PhysicsModule.dll(114712)
  - [45] UnityEngine.TerrainModule.dll(98840)
  - [46] UnityEngine.TerrainPhysicsModule.dll(20504)
  - [47] UnityEngine.UIModule.dll(35864)
  - [48] UnityEngine.UIElementsModule.dll(1216536)
  - [49] UnityEngine.UnityWebRequestAudioModule.dll(22552)
  - [50] UnityEngine.UnityWebRequestModule.dll(56856)
  - [51] UnityEngine.UnityWebRequestTextureModule.dll(22040)
  - [52] UnityEngine.UnityWebRequestWWWModule.dll(31256)
  - [53] UnityEngine.VehiclesModule.dll(23576)
  - [54] netstandard.dll(90112)
  - [55] Facepunch.Sqlite.dll(16384)
  - [56] UnityEngine.SharedInternalsModule.dll(32280)
Plugin Files:
  - [1] BetterLoot.cs(39804)
  - [2] DeathNotes.cs(29515)
  - [3] GatherManager.cs(35680)
  - [4] ImageLibrary.cs(54464)
  - [5] Kits.cs(150279)
  - [6] NTeleportation.cs(382947)
  - [7] NoEscape.cs(77957)
  - [8] NoGiveNotices.cs(450)
  - [9] QuickSmelt.cs(19529)
  - [10] RandomRespawner.cs(11854)
  - [11] SpawnHeli.cs(79185)
  - [12] StackSizeController.cs(23103)
  - [13] UnburnableMeat.cs(2229)
2023-12-22 18:58:37.411 -03:00 [DBG] Added 56 project references
2023-12-22 18:58:37.520 -03:00 [DBG] Added 13 plugins to the project
2023-12-22 18:58:38.348 -03:00 [INF] Successfully compiled 13/13 plugins for job 0 in 949ms
2023-12-22 18:58:38.348 -03:00 [DBG] Pushing job 0 back to parent
2023-12-22 18:59:33.347 -03:00 [INF] Termination request has been received from compiler stream
2023-12-22 18:59:33.676 -03:00 [INF] Termination request has been received from SIGTERM
2023-12-22 19:23:22.431 -03:00 [INF] Starting compiler v1.0.26.0. . .
2023-12-22 19:23:22.455 -03:00 [INF] Minimal logging level is set to Debug
2023-12-22 19:23:22.458 -03:00 [INF] Watching parent process ([5984] RustDedicated) for shutdown
2023-12-22 19:23:22.458 -03:00 [DBG] Started message server. . .
2023-12-22 19:23:22.459 -03:00 [INF] Message server has started
2023-12-22 19:23:24.473 -03:00 [INF] Sent ready message to parent process
2023-12-22 19:23:24.474 -03:00 [DBG] Compiler has started successfully and is awaiting jobs. . .
2023-12-22 19:23:24.586 -03:00 [DBG] Received compile job 1 | Plugins: 1, References: 54
2023-12-22 19:23:25.488 -03:00 [INF] Starting compilation of job 1 | Total Plugins: 1
2023-12-22 19:23:25.489 -03:00 [DBG] Settings[Encoding: utf-8, CSVersion: Preview, Target: DynamicallyLinkedLibrary, Platform: AnyCpu, StdLib: False, Debug: False, Preprocessor: OXIDE, OXIDEMOD, RUST, RUST_MASTER, RUST_2_0_6098, RUST_2_0_6098_MASTER]
Reference Files:
  - [1] mscorlib.dll(4631552)
  - [2] Oxide.Core.dll(193024)
  - [3] Oxide.CSharp.dll(102912)
  - [4] Oxide.Common.dll(7168)
  - [5] System.dll(2637824)
  - [6] System.Core.dll(1113088)
  - [7] System.Data.dll(2081280)
  - [8] System.Xml.dll(3160064)
  - [9] Oxide.References.dll(1419264)
  - [10] Oxide.MySql.dll(20480)
  - [11] MySql.Data.dll(443392)
  - [12] Oxide.SQLite.dll(20992)
  - [13] System.Data.SQLite.dll(286720)
  - [14] Oxide.Unity.dll(10240)
  - [15] UnityEngine.dll(112664)
  - [16] Oxide.Rust.dll(93696)
  - [17] Facepunch.System.dll(55808)
  - [18] Assembly-CSharp.dll(4749824)
  - [19] Facepunch.Console.dll(20992)
  - [20] UnityEngine.CoreModule.dll(1275416)
  - [21] Facepunch.Network.dll(43008)
  - [22] Rust.Platform.Common.dll(15872)
  - [23] Rust.Data.dll(1074176)
  - [24] UnityEngine.TextRenderingModule.dll(38936)
  - [25] UnityEngine.UI.dll(224256)
  - [26] Rust.Global.dll(70656)
  - [27] Facepunch.Steamworks.Win64.dll(556544)
  - [28] Facepunch.UnityEngine.dll(113152)
  - [29] Assembly-CSharp-firstpass.dll(1457664)
  - [30] Facepunch.Unity.dll(66048)
  - [31] Rust.FileSystem.dll(16896)
  - [32] Rust.Clans.dll(9216)
  - [33] Rust.Clans.Local.dll(50176)
  - [34] Rust.Localization.dll(4096)
  - [35] Rust.Platform.dll(5632)
  - [36] Rust.Platform.Steam.dll(22528)
  - [37] Rust.Workshop.dll(456192)
  - [38] Rust.World.dll(10240)
  - [39] System.Drawing.dll(481280)
  - [40] UnityEngine.AIModule.dll(56344)
  - [41] UnityEngine.AssetBundleModule.dll(33304)
  - [42] UnityEngine.GridModule.dll(24600)
  - [43] UnityEngine.ImageConversionModule.dll(24088)
  - [44] UnityEngine.PhysicsModule.dll(114712)
  - [45] UnityEngine.TerrainModule.dll(98840)
  - [46] UnityEngine.TerrainPhysicsModule.dll(20504)
  - [47] UnityEngine.UIModule.dll(35864)
  - [48] UnityEngine.UIElementsModule.dll(1216536)
  - [49] UnityEngine.UnityWebRequestAudioModule.dll(22552)
  - [50] UnityEngine.UnityWebRequestModule.dll(56856)
  - [51] UnityEngine.UnityWebRequestTextureModule.dll(22040)
  - [52] UnityEngine.UnityWebRequestWWWModule.dll(31256)
  - [53] UnityEngine.VehiclesModule.dll(23576)
  - [54] netstandard.dll(90112)
Plugin Files:
  - [1] RandomRespawner.cs(11854)
2023-12-22 19:23:25.508 -03:00 [DBG] Added 54 project references
2023-12-22 19:23:25.548 -03:00 [DBG] Added 1 plugins to the project
2023-12-22 19:23:26.023 -03:00 [INF] Successfully compiled 1/1 plugins for job 1 in 534ms
2023-12-22 19:23:26.023 -03:00 [DBG] Pushing job 1 back to parent
2023-12-22 19:24:26.042 -03:00 [INF] Termination request has been received from compiler stream
2023-12-22 19:24:26.651 -03:00 [INF] Termination request has been received from SIGTERM
